<?xml version="1.0" encoding="UTF-8"?>
<!-- Generated by org.testng.reporters.JUnitXMLReporter -->
<testsuite hostname="DESKTOP-VTBT3RG" ignored="0" name="Default test" tests="3" failures="0" timestamp="2023-08-24T21:45:58 IST" time="41.47" errors="0">
  <testcase name="FlightSearchWithValidValues" time="25.403" classname="Testcases.SeachTestCase"/>
  <testcase name="FlightSearchWithInValidValues" time="7.88" classname="Testcases.SeachTestCase"/>
  <testcase name="ValidateErrorRemovedAfterWeCorrectTheError" time="5.366" classname="Testcases.SeachTestCase"/>
</testsuite> <!-- Default test -->
