<?xml version="1.0" encoding="UTF-8"?>
<!-- Generated by org.testng.reporters.JUnitXMLReporter -->
<testsuite hostname="DESKTOP-VTBT3RG" ignored="2" name="Default test" tests="3" failures="0" timestamp="2023-09-04T20:56:21 IST" time="31.299" errors="0">
  <testcase name="FlightSearchWithInValidValues" time="5.894" classname="Testcases.SeachTestCase"/>
  <testcase name="FlightSearchWithInValidValues" time="5.587" classname="Testcases.SeachTestCase"/>
  <testcase name="FlightSearchWithInValidValues" time="5.62" classname="Testcases.SeachTestCase"/>
  <testcase name="FlightSearchWithValidValues" time="0.0" classname="Testcases.SeachTestCase">
    <ignored/>
  </testcase> <!-- FlightSearchWithValidValues -->
  <testcase name="ValidateErrorRemovedAfterWeCorrectTheError" time="0.0" classname="Testcases.SeachTestCase">
    <ignored/>
  </testcase> <!-- ValidateErrorRemovedAfterWeCorrectTheError -->
</testsuite> <!-- Default test -->
