<?xml version="1.0" encoding="UTF-8"?>
<!-- Generated by org.testng.reporters.JUnitXMLReporter -->
<testsuite hostname="DESKTOP-VTBT3RG" ignored="0" name="Test" tests="7" failures="0" timestamp="2023-09-04T21:35:16 IST" time="92.819" errors="0">
  <testcase name="FlightSearchWithValidValues" time="23.407" classname="Testcases.SeachTestCase"/>
  <testcase name="FlightSearchWithValidValues" time="14.396" classname="Testcases.SeachTestCase"/>
  <testcase name="FlightSearchWithValidValues" time="15.056" classname="Testcases.SeachTestCase"/>
  <testcase name="FlightSearchWithInValidValues" time="6.324" classname="Testcases.SeachTestCase"/>
  <testcase name="FlightSearchWithInValidValues" time="6.144" classname="Testcases.SeachTestCase"/>
  <testcase name="FlightSearchWithInValidValues" time="6.187" classname="Testcases.SeachTestCase"/>
  <testcase name="ValidateErrorRemovedAfterWeCorrectTheError" time="5.596" classname="Testcases.SeachTestCase"/>
</testsuite> <!-- Test -->
