<?xml version="1.0" encoding="UTF-8"?>
<!-- Generated by org.testng.reporters.JUnitXMLReporter -->
<testsuite hostname="DESKTOP-VTBT3RG" ignored="0" name="Test" tests="7" failures="0" timestamp="2023-09-04T21:45:57 IST" time="91.102" errors="0">
  <testcase name="FlightSearchWithValidValues" time="21.408" classname="Testcases.SeachTestCase"/>
  <testcase name="FlightSearchWithValidValues" time="13.923" classname="Testcases.SeachTestCase"/>
  <testcase name="FlightSearchWithValidValues" time="16.896" classname="Testcases.SeachTestCase"/>
  <testcase name="FlightSearchWithInValidValues" time="6.17" classname="Testcases.SeachTestCase"/>
  <testcase name="FlightSearchWithInValidValues" time="5.989" classname="Testcases.SeachTestCase"/>
  <testcase name="FlightSearchWithInValidValues" time="6.011" classname="Testcases.SeachTestCase"/>
  <testcase name="ValidateErrorRemovedAfterWeCorrectTheError" time="5.548" classname="Testcases.SeachTestCase"/>
</testsuite> <!-- Test -->
