<?xml version="1.0" encoding="UTF-8"?>
<testsuite xmlns:xsi="http://www.w3.org/2001/XMLSchema-instance" xsi:noNamespaceSchemaLocation="https://maven.apache.org/surefire/maven-surefire-plugin/xsd/surefire-test-report-3.0.xsd" version="3.0" name="TestSuite" time="98.134" tests="7" errors="0" skipped="0" failures="0">
  <properties>
[...]
</properties>
  <testcase name="FlightSearchWithValidValues[MAA, DEL, 16, loc](1)" classname="Testcases.SeachTestCase" time="21.408">
    <system-out><![CDATA[MAA
DEL
16
loc
DEL
MAA
18
loc
BLR
DEL
21
loc
Flights from Chennai to New Delhi
]]></system-out>
    <system-err><![CDATA[SLF4J: Failed to load class "org.slf4j.impl.StaticLoggerBinder".
SLF4J: Defaulting to no-operation (NOP) logger implementation
SLF4J: See http://www.slf4j.org/codes.html#StaticLoggerBinder for further details.
ERROR StatusLogger Log4j2 could not find a logging implementation. Please add log4j-core to the classpath. Using SimpleLogger to log to the console...
Sep 04, 2023 9:44:25 PM org.openqa.selenium.devtools.CdpVersionFinder findNearestMatch
WARNING: Unable to find an exact match for CDP version 116, so returning the closest version found: 115
java.text.ParseException: Unparseable date: ""
	at java.text.DateFormat.parse(DateFormat.java:366)
	at com.relevantcodes.extentreports.utils.DateTimeUtil.getDate(DateTimeUtil.java:22)
	at com.relevantcodes.extentreports.converters.TestConverter.createTestList(TestConverter.java:94)
	at com.relevantcodes.extentreports.ExtentReports.<init>(ExtentReports.java:93)
	at com.relevantcodes.extentreports.ExtentReports.<init>(ExtentReports.java:375)
	at BrowserDriver.WebDriverFile.extenterportstart(WebDriverFile.java:39)
	at BrowserDriver.WebDriverFile.Launch(WebDriverFile.java:34)
	at Testcases.SeachTestCase.LaunchTheBrowser(SeachTestCase.java:32)
	at sun.reflect.NativeMethodAccessorImpl.invoke0(Native Method)
	at sun.reflect.NativeMethodAccessorImpl.invoke(NativeMethodAccessorImpl.java:62)
	at sun.reflect.DelegatingMethodAccessorImpl.invoke(DelegatingMethodAccessorImpl.java:43)
	at java.lang.reflect.Method.invoke(Method.java:498)
	at org.testng.internal.MethodInvocationHelper.invokeMethod(MethodInvocationHelper.java:133)
	at org.testng.internal.MethodInvocationHelper.invokeMethodConsideringTimeout(MethodInvocationHelper.java:62)
	at org.testng.internal.ConfigInvoker.invokeConfigurationMethod(ConfigInvoker.java:385)
	at org.testng.internal.ConfigInvoker.invokeConfigurations(ConfigInvoker.java:321)
	at org.testng.SuiteRunner.privateRun(SuiteRunner.java:317)
	at org.testng.SuiteRunner.run(SuiteRunner.java:276)
	at org.testng.SuiteRunnerWorker.runSuite(SuiteRunnerWorker.java:53)
	at org.testng.SuiteRunnerWorker.run(SuiteRunnerWorker.java:96)
	at org.testng.TestNG.runSuitesSequentially(TestNG.java:1212)
	at org.testng.TestNG.runSuitesLocally(TestNG.java:1134)
	at org.testng.TestNG.runSuites(TestNG.java:1063)
	at org.testng.TestNG.run(TestNG.java:1031)
	at org.apache.maven.surefire.testng.TestNGExecutor.run(TestNGExecutor.java:324)
	at org.apache.maven.surefire.testng.TestNGXmlTestSuite.execute(TestNGXmlTestSuite.java:74)
	at org.apache.maven.surefire.testng.TestNGProvider.invoke(TestNGProvider.java:123)
	at org.apache.maven.surefire.booter.ForkedBooter.runSuitesInProcess(ForkedBooter.java:456)
	at org.apache.maven.surefire.booter.ForkedBooter.execute(ForkedBooter.java:169)
	at org.apache.maven.surefire.booter.ForkedBooter.run(ForkedBooter.java:595)
	at org.apache.maven.surefire.booter.ForkedBooter.main(ForkedBooter.java:581)
]]></system-err>
  </testcase>
  <testcase name="FlightSearchWithValidValues[DEL, MAA, 18, loc](2)" classname="Testcases.SeachTestCase" time="13.92">
    <system-out><![CDATA[Flights from New Delhi to Chennai
]]></system-out>
  </testcase>
  <testcase name="FlightSearchWithValidValues[BLR, DEL, 21, loc](3)" classname="Testcases.SeachTestCase" time="16.897">
    <system-out><![CDATA[Flights from Bengaluru to New Delhi
]]></system-out>
  </testcase>
  <testcase name="FlightSearchWithInValidValues[MAA, MAA](1)" classname="Testcases.SeachTestCase" time="6.169">
    <system-out><![CDATA[MAA
MAA
DEL
DEL
BLR
BLR
]]></system-out>
  </testcase>
  <testcase name="FlightSearchWithInValidValues[DEL, DEL](2)" classname="Testcases.SeachTestCase" time="5.991"/>
  <testcase name="FlightSearchWithInValidValues[BLR, BLR](3)" classname="Testcases.SeachTestCase" time="6.012"/>
  <testcase name="ValidateErrorRemovedAfterWeCorrectTheError" classname="Testcases.SeachTestCase" time="5.549"/>
</testsuite>