<?xml version="1.0" encoding="UTF-8"?>
<testng-results skipped="0" failed="0" ignored="0" total="7" passed="7">
  <reporter-output>
  </reporter-output>
  <suite name="Suite" duration-ms="91102" started-at="2023-09-04T21:44:25 IST" finished-at="2023-09-04T21:45:57 IST">
    <groups>
    </groups>
    <test name="Test" duration-ms="91102" started-at="2023-09-04T21:44:25 IST" finished-at="2023-09-04T21:45:57 IST">
      <class name="Testcases.SeachTestCase">
        <test-method status="PASS" signature="LaunchTheBrowser()[pri:0, instance:Testcases.SeachTestCase@6b9651f3]" name="LaunchTheBrowser" is-config="true" duration-ms="5266" started-at="2023-09-04T21:44:20 IST" finished-at="2023-09-04T21:44:25 IST">
          <reporter-output>
          </reporter-output>
        </test-method> <!-- LaunchTheBrowser -->
        <test-method status="PASS" signature="LauchTheBrowserURL()[pri:0, instance:Testcases.SeachTestCase@6b9651f3]" name="LauchTheBrowserURL" is-config="true" duration-ms="14863" started-at="2023-09-04T21:44:25 IST" finished-at="2023-09-04T21:44:40 IST">
          <reporter-output>
          </reporter-output>
        </test-method> <!-- LauchTheBrowserURL -->
        <test-method status="PASS" signature="FlightSearchWithValidValues(java.lang.String,java.lang.String,java.lang.String,java.lang.String)[pri:0, instance:Testcases.SeachTestCase@6b9651f3]" name="FlightSearchWithValidValues" duration-ms="21408" started-at="2023-09-04T21:44:41 IST" data-provider="SearchData" finished-at="2023-09-04T21:45:02 IST">
          <params>
            <param index="0">
              <value>
                <![CDATA[MAA]]>
              </value>
            </param>
            <param index="1">
              <value>
                <![CDATA[DEL]]>
              </value>
            </param>
            <param index="2">
              <value>
                <![CDATA[16]]>
              </value>
            </param>
            <param index="3">
              <value>
                <![CDATA[loc]]>
              </value>
            </param>
          </params>
          <reporter-output>
          </reporter-output>
        </test-method> <!-- FlightSearchWithValidValues -->
        <test-method status="PASS" signature="FlightSearchWithValidValues(java.lang.String,java.lang.String,java.lang.String,java.lang.String)[pri:0, instance:Testcases.SeachTestCase@6b9651f3]" name="FlightSearchWithValidValues" duration-ms="13923" started-at="2023-09-04T21:45:02 IST" data-provider="SearchData" finished-at="2023-09-04T21:45:16 IST">
          <params>
            <param index="0">
              <value>
                <![CDATA[DEL]]>
              </value>
            </param>
            <param index="1">
              <value>
                <![CDATA[MAA]]>
              </value>
            </param>
            <param index="2">
              <value>
                <![CDATA[18]]>
              </value>
            </param>
            <param index="3">
              <value>
                <![CDATA[loc]]>
              </value>
            </param>
          </params>
          <reporter-output>
          </reporter-output>
        </test-method> <!-- FlightSearchWithValidValues -->
        <test-method status="PASS" signature="FlightSearchWithValidValues(java.lang.String,java.lang.String,java.lang.String,java.lang.String)[pri:0, instance:Testcases.SeachTestCase@6b9651f3]" name="FlightSearchWithValidValues" duration-ms="16896" started-at="2023-09-04T21:45:16 IST" data-provider="SearchData" finished-at="2023-09-04T21:45:33 IST">
          <params>
            <param index="0">
              <value>
                <![CDATA[BLR]]>
              </value>
            </param>
            <param index="1">
              <value>
                <![CDATA[DEL]]>
              </value>
            </param>
            <param index="2">
              <value>
                <![CDATA[21]]>
              </value>
            </param>
            <param index="3">
              <value>
                <![CDATA[loc]]>
              </value>
            </param>
          </params>
          <reporter-output>
          </reporter-output>
        </test-method> <!-- FlightSearchWithValidValues -->
        <test-method status="PASS" signature="FlightSearchWithInValidValues(java.lang.String,java.lang.String)[pri:1, instance:Testcases.SeachTestCase@6b9651f3]" name="FlightSearchWithInValidValues" duration-ms="6170" started-at="2023-09-04T21:45:33 IST" data-provider="SearchInvalidData" finished-at="2023-09-04T21:45:39 IST">
          <params>
            <param index="0">
              <value>
                <![CDATA[MAA]]>
              </value>
            </param>
            <param index="1">
              <value>
                <![CDATA[MAA]]>
              </value>
            </param>
          </params>
          <reporter-output>
          </reporter-output>
        </test-method> <!-- FlightSearchWithInValidValues -->
        <test-method status="PASS" signature="FlightSearchWithInValidValues(java.lang.String,java.lang.String)[pri:1, instance:Testcases.SeachTestCase@6b9651f3]" name="FlightSearchWithInValidValues" duration-ms="5989" started-at="2023-09-04T21:45:39 IST" data-provider="SearchInvalidData" finished-at="2023-09-04T21:45:45 IST">
          <params>
            <param index="0">
              <value>
                <![CDATA[DEL]]>
              </value>
            </param>
            <param index="1">
              <value>
                <![CDATA[DEL]]>
              </value>
            </param>
          </params>
          <reporter-output>
          </reporter-output>
        </test-method> <!-- FlightSearchWithInValidValues -->
        <test-method status="PASS" signature="FlightSearchWithInValidValues(java.lang.String,java.lang.String)[pri:1, instance:Testcases.SeachTestCase@6b9651f3]" name="FlightSearchWithInValidValues" duration-ms="6011" started-at="2023-09-04T21:45:45 IST" data-provider="SearchInvalidData" finished-at="2023-09-04T21:45:51 IST">
          <params>
            <param index="0">
              <value>
                <![CDATA[BLR]]>
              </value>
            </param>
            <param index="1">
              <value>
                <![CDATA[BLR]]>
              </value>
            </param>
          </params>
          <reporter-output>
          </reporter-output>
        </test-method> <!-- FlightSearchWithInValidValues -->
        <test-method status="PASS" signature="ValidateErrorRemovedAfterWeCorrectTheError()[pri:2, instance:Testcases.SeachTestCase@6b9651f3]" name="ValidateErrorRemovedAfterWeCorrectTheError" duration-ms="5548" started-at="2023-09-04T21:45:51 IST" finished-at="2023-09-04T21:45:57 IST">
          <reporter-output>
          </reporter-output>
        </test-method> <!-- ValidateErrorRemovedAfterWeCorrectTheError -->
        <test-method status="PASS" signature="teardown()[pri:0, instance:Testcases.SeachTestCase@6b9651f3]" name="teardown" is-config="true" duration-ms="1085" started-at="2023-09-04T21:45:57 IST" finished-at="2023-09-04T21:45:58 IST">
          <reporter-output>
          </reporter-output>
        </test-method> <!-- teardown -->
      </class> <!-- Testcases.SeachTestCase -->
    </test> <!-- Test -->
  </suite> <!-- Suite -->
</testng-results>
