<?xml version="1.0" encoding="UTF-8"?>
<testng-results skipped="0" failed="0" ignored="0" total="7" passed="7">
  <reporter-output>
  </reporter-output>
  <suite name="Suite" duration-ms="92819" started-at="2023-09-04T21:33:43 IST" finished-at="2023-09-04T21:35:16 IST">
    <groups>
    </groups>
    <test name="Test" duration-ms="92819" started-at="2023-09-04T21:33:43 IST" finished-at="2023-09-04T21:35:16 IST">
      <class name="Testcases.SeachTestCase">
        <test-method status="PASS" signature="LaunchTheBrowser()[pri:0, instance:Testcases.SeachTestCase@1786f9d5]" name="LaunchTheBrowser" is-config="true" duration-ms="6013" started-at="2023-09-04T21:33:37 IST" finished-at="2023-09-04T21:33:43 IST">
          <reporter-output>
          </reporter-output>
        </test-method> <!-- LaunchTheBrowser -->
        <test-method status="PASS" signature="LauchTheBrowserURL()[pri:0, instance:Testcases.SeachTestCase@1786f9d5]" name="LauchTheBrowserURL" is-config="true" duration-ms="15296" started-at="2023-09-04T21:33:43 IST" finished-at="2023-09-04T21:33:59 IST">
          <reporter-output>
          </reporter-output>
        </test-method> <!-- LauchTheBrowserURL -->
        <test-method status="PASS" signature="FlightSearchWithValidValues(java.lang.String,java.lang.String,java.lang.String,java.lang.String)[pri:0, instance:Testcases.SeachTestCase@1786f9d5]" name="FlightSearchWithValidValues" duration-ms="23407" started-at="2023-09-04T21:33:59 IST" data-provider="SearchData" finished-at="2023-09-04T21:34:22 IST">
          <params>
            <param index="0">
              <value>
                <![CDATA[MAA]]>
              </value>
            </param>
            <param index="1">
              <value>
                <![CDATA[DEL]]>
              </value>
            </param>
            <param index="2">
              <value>
                <![CDATA[16]]>
              </value>
            </param>
            <param index="3">
              <value>
                <![CDATA[loc]]>
              </value>
            </param>
          </params>
          <reporter-output>
          </reporter-output>
        </test-method> <!-- FlightSearchWithValidValues -->
        <test-method status="PASS" signature="FlightSearchWithValidValues(java.lang.String,java.lang.String,java.lang.String,java.lang.String)[pri:0, instance:Testcases.SeachTestCase@1786f9d5]" name="FlightSearchWithValidValues" duration-ms="14396" started-at="2023-09-04T21:34:22 IST" data-provider="SearchData" finished-at="2023-09-04T21:34:37 IST">
          <params>
            <param index="0">
              <value>
                <![CDATA[DEL]]>
              </value>
            </param>
            <param index="1">
              <value>
                <![CDATA[MAA]]>
              </value>
            </param>
            <param index="2">
              <value>
                <![CDATA[18]]>
              </value>
            </param>
            <param index="3">
              <value>
                <![CDATA[loc]]>
              </value>
            </param>
          </params>
          <reporter-output>
          </reporter-output>
        </test-method> <!-- FlightSearchWithValidValues -->
        <test-method status="PASS" signature="FlightSearchWithValidValues(java.lang.String,java.lang.String,java.lang.String,java.lang.String)[pri:0, instance:Testcases.SeachTestCase@1786f9d5]" name="FlightSearchWithValidValues" duration-ms="15056" started-at="2023-09-04T21:34:37 IST" data-provider="SearchData" finished-at="2023-09-04T21:34:52 IST">
          <params>
            <param index="0">
              <value>
                <![CDATA[BLR]]>
              </value>
            </param>
            <param index="1">
              <value>
                <![CDATA[DEL]]>
              </value>
            </param>
            <param index="2">
              <value>
                <![CDATA[21]]>
              </value>
            </param>
            <param index="3">
              <value>
                <![CDATA[loc]]>
              </value>
            </param>
          </params>
          <reporter-output>
          </reporter-output>
        </test-method> <!-- FlightSearchWithValidValues -->
        <test-method status="PASS" signature="FlightSearchWithInValidValues(java.lang.String,java.lang.String)[pri:1, instance:Testcases.SeachTestCase@1786f9d5]" name="FlightSearchWithInValidValues" duration-ms="6324" started-at="2023-09-04T21:34:52 IST" data-provider="SearchInvalidData" finished-at="2023-09-04T21:34:58 IST">
          <params>
            <param index="0">
              <value>
                <![CDATA[MAA]]>
              </value>
            </param>
            <param index="1">
              <value>
                <![CDATA[MAA]]>
              </value>
            </param>
          </params>
          <reporter-output>
          </reporter-output>
        </test-method> <!-- FlightSearchWithInValidValues -->
        <test-method status="PASS" signature="FlightSearchWithInValidValues(java.lang.String,java.lang.String)[pri:1, instance:Testcases.SeachTestCase@1786f9d5]" name="FlightSearchWithInValidValues" duration-ms="6144" started-at="2023-09-04T21:34:58 IST" data-provider="SearchInvalidData" finished-at="2023-09-04T21:35:04 IST">
          <params>
            <param index="0">
              <value>
                <![CDATA[DEL]]>
              </value>
            </param>
            <param index="1">
              <value>
                <![CDATA[DEL]]>
              </value>
            </param>
          </params>
          <reporter-output>
          </reporter-output>
        </test-method> <!-- FlightSearchWithInValidValues -->
        <test-method status="PASS" signature="FlightSearchWithInValidValues(java.lang.String,java.lang.String)[pri:1, instance:Testcases.SeachTestCase@1786f9d5]" name="FlightSearchWithInValidValues" duration-ms="6187" started-at="2023-09-04T21:35:04 IST" data-provider="SearchInvalidData" finished-at="2023-09-04T21:35:11 IST">
          <params>
            <param index="0">
              <value>
                <![CDATA[BLR]]>
              </value>
            </param>
            <param index="1">
              <value>
                <![CDATA[BLR]]>
              </value>
            </param>
          </params>
          <reporter-output>
          </reporter-output>
        </test-method> <!-- FlightSearchWithInValidValues -->
        <test-method status="PASS" signature="ValidateErrorRemovedAfterWeCorrectTheError()[pri:2, instance:Testcases.SeachTestCase@1786f9d5]" name="ValidateErrorRemovedAfterWeCorrectTheError" duration-ms="5596" started-at="2023-09-04T21:35:11 IST" finished-at="2023-09-04T21:35:16 IST">
          <reporter-output>
          </reporter-output>
        </test-method> <!-- ValidateErrorRemovedAfterWeCorrectTheError -->
        <test-method status="PASS" signature="teardown()[pri:0, instance:Testcases.SeachTestCase@1786f9d5]" name="teardown" is-config="true" duration-ms="1184" started-at="2023-09-04T21:35:16 IST" finished-at="2023-09-04T21:35:17 IST">
          <reporter-output>
          </reporter-output>
        </test-method> <!-- teardown -->
      </class> <!-- Testcases.SeachTestCase -->
    </test> <!-- Test -->
  </suite> <!-- Suite -->
</testng-results>
