<?xml version="1.0" encoding="UTF-8"?>
<testng-results skipped="0" failed="0" ignored="0" total="3" passed="3">
  <reporter-output>
  </reporter-output>
  <suite name="Suite" duration-ms="37514" started-at="2023-08-24T21:49:44 IST" finished-at="2023-08-24T21:50:21 IST">
    <groups>
    </groups>
    <test name="Test" duration-ms="37514" started-at="2023-08-24T21:49:44 IST" finished-at="2023-08-24T21:50:21 IST">
      <class name="Testcases.SeachTestCase">
        <test-method status="PASS" signature="LaunchTheBrowser()[pri:0, instance:Testcases.SeachTestCase@1990a65e]" name="LaunchTheBrowser" is-config="true" duration-ms="5546" started-at="2023-08-24T21:49:38 IST" finished-at="2023-08-24T21:49:44 IST">
          <reporter-output>
          </reporter-output>
        </test-method> <!-- LaunchTheBrowser -->
        <test-method status="PASS" signature="LauchTheBrowserURL()[pri:0, instance:Testcases.SeachTestCase@1990a65e]" name="LauchTheBrowserURL" is-config="true" duration-ms="2863" started-at="2023-08-24T21:49:44 IST" finished-at="2023-08-24T21:49:47 IST">
          <reporter-output>
          </reporter-output>
        </test-method> <!-- LauchTheBrowserURL -->
        <test-method status="PASS" signature="FlightSearchWithValidValues()[pri:0, instance:Testcases.SeachTestCase@1990a65e]" name="FlightSearchWithValidValues" duration-ms="21168" started-at="2023-08-24T21:49:47 IST" finished-at="2023-08-24T21:50:08 IST">
          <reporter-output>
          </reporter-output>
        </test-method> <!-- FlightSearchWithValidValues -->
        <test-method status="PASS" signature="FlightSearchWithInValidValues()[pri:1, instance:Testcases.SeachTestCase@1990a65e]" name="FlightSearchWithInValidValues" duration-ms="8020" started-at="2023-08-24T21:50:08 IST" finished-at="2023-08-24T21:50:16 IST">
          <reporter-output>
          </reporter-output>
        </test-method> <!-- FlightSearchWithInValidValues -->
        <test-method status="PASS" signature="ValidateErrorRemovedAfterWeCorrectTheError()[pri:2, instance:Testcases.SeachTestCase@1990a65e]" name="ValidateErrorRemovedAfterWeCorrectTheError" duration-ms="5402" started-at="2023-08-24T21:50:16 IST" finished-at="2023-08-24T21:50:21 IST">
          <reporter-output>
          </reporter-output>
        </test-method> <!-- ValidateErrorRemovedAfterWeCorrectTheError -->
        <test-method status="PASS" signature="teardown()[pri:0, instance:Testcases.SeachTestCase@1990a65e]" name="teardown" is-config="true" duration-ms="866" started-at="2023-08-24T21:50:21 IST" finished-at="2023-08-24T21:50:22 IST">
          <reporter-output>
          </reporter-output>
        </test-method> <!-- teardown -->
      </class> <!-- Testcases.SeachTestCase -->
    </test> <!-- Test -->
  </suite> <!-- Suite -->
</testng-results>
